<?xml version="1.0" encoding="UTF-8"?>
<robot generator="Robot 3.0 (Jython 2.7.0 on java1.8.0_121)" generated="20170208 13:49:04.193">
<suite source="C:\Users\Brighid Maura\Downloads\CS 310\custom-widget\src\test\acceptancetest" name="Acceptancetest" id="s1">
<suite source="C:\Users\Brighid Maura\Downloads\CS 310\custom-widget\src\test\acceptancetest\CustomWidgetTests.robot" name="CustomWidgetTests" id="s1-s1">
<test name="Hexagon Is Selected Initially" id="s1-s1-t1">
<kw library="SwingLibrary" name="Start Application">
<doc>Alias for `Launch Application` keyword</doc>
<arguments>
<arg>edu.jsu.mcis.Main</arg>
</arguments>
<status endtime="20170208 13:49:05.022" starttime="20170208 13:49:04.975" status="PASS"></status>
</kw>
<kw library="SwingLibrary" name="Select Window">
<doc>Selects a window as current context and sets focus to it.</doc>
<arguments>
<arg>Main</arg>
</arguments>
<status endtime="20170208 13:49:05.145" starttime="20170208 13:49:05.129" status="PASS"></status>
</kw>
<kw library="SwingLibrary" name="Label Text Should Be">
<doc>Checks the equality of given text and the text displayed on a label.</doc>
<arguments>
<arg>label</arg>
<arg>Hexagon</arg>
</arguments>
<status endtime="20170208 13:49:05.145" starttime="20170208 13:49:05.145" status="PASS"></status>
</kw>
<kw library="SwingLibrary" name="Close Window">
<doc>Closes a window.</doc>
<arguments>
<arg>Main</arg>
</arguments>
<status endtime="20170208 13:49:05.379" starttime="20170208 13:49:05.161" status="PASS"></status>
</kw>
<status critical="yes" endtime="20170208 13:49:05.379" starttime="20170208 13:49:04.975" status="PASS"></status>
</test>
<test name="Octagon Is Selected After Center Click" id="s1-s1-t2">
<kw library="SwingLibrary" name="Start Application">
<doc>Alias for `Launch Application` keyword</doc>
<arguments>
<arg>edu.jsu.mcis.Main</arg>
</arguments>
<status endtime="20170208 13:49:05.426" starttime="20170208 13:49:05.395" status="PASS"></status>
</kw>
<kw library="SwingLibrary" name="Select Window">
<doc>Selects a window as current context and sets focus to it.</doc>
<arguments>
<arg>Main</arg>
</arguments>
<status endtime="20170208 13:49:05.442" starttime="20170208 13:49:05.426" status="PASS"></status>
</kw>
<kw library="keywords.CustomWidgetKeywords" name="Click Octagon">
<status endtime="20170208 13:49:05.489" starttime="20170208 13:49:05.442" status="PASS"></status>
</kw>
<kw library="SwingLibrary" name="Label Text Should Be">
<doc>Checks the equality of given text and the text displayed on a label.</doc>
<arguments>
<arg>label</arg>
<arg>Octagon</arg>
</arguments>
<status endtime="20170208 13:49:05.504" starttime="20170208 13:49:05.489" status="PASS"></status>
</kw>
<kw library="SwingLibrary" name="Close Window">
<doc>Closes a window.</doc>
<arguments>
<arg>Main</arg>
</arguments>
<status endtime="20170208 13:49:05.676" starttime="20170208 13:49:05.504" status="PASS"></status>
</kw>
<status critical="yes" endtime="20170208 13:49:05.676" starttime="20170208 13:49:05.379" status="PASS"></status>
</test>
<test name="Widget Is Unchanged After Edge Click" id="s1-s1-t3">
<kw library="SwingLibrary" name="Start Application">
<doc>Alias for `Launch Application` keyword</doc>
<arguments>
<arg>edu.jsu.mcis.Main</arg>
</arguments>
<status endtime="20170208 13:49:05.708" starttime="20170208 13:49:05.692" status="PASS"></status>
</kw>
<kw library="SwingLibrary" name="Select Window">
<doc>Selects a window as current context and sets focus to it.</doc>
<arguments>
<arg>Main</arg>
</arguments>
<status endtime="20170208 13:49:05.739" starttime="20170208 13:49:05.723" status="PASS"></status>
</kw>
<kw library="keywords.CustomWidgetKeywords" name="Click Custom Widget Outside">
<status endtime="20170208 13:49:05.754" starttime="20170208 13:49:05.739" status="PASS"></status>
</kw>
<kw library="SwingLibrary" name="Label Text Should Be">
<doc>Checks the equality of given text and the text displayed on a label.</doc>
<arguments>
<arg>label</arg>
<arg>Hexagon</arg>
</arguments>
<status endtime="20170208 13:49:05.770" starttime="20170208 13:49:05.754" status="PASS"></status>
</kw>
<kw library="SwingLibrary" name="Close Window">
<doc>Closes a window.</doc>
<arguments>
<arg>Main</arg>
</arguments>
<status endtime="20170208 13:49:05.958" starttime="20170208 13:49:05.770" status="PASS"></status>
</kw>
<status critical="yes" endtime="20170208 13:49:05.958" starttime="20170208 13:49:05.676" status="PASS"></status>
</test>
<test name="Widget Toggles With Successive Center Clicks" id="s1-s1-t4">
<kw library="SwingLibrary" name="Start Application">
<doc>Alias for `Launch Application` keyword</doc>
<arguments>
<arg>edu.jsu.mcis.Main</arg>
</arguments>
<status endtime="20170208 13:49:05.989" starttime="20170208 13:49:05.973" status="PASS"></status>
</kw>
<kw library="SwingLibrary" name="Select Window">
<doc>Selects a window as current context and sets focus to it.</doc>
<arguments>
<arg>Main</arg>
</arguments>
<status endtime="20170208 13:49:06.004" starttime="20170208 13:49:05.989" status="PASS"></status>
</kw>
<kw library="keywords.CustomWidgetKeywords" name="Click Octagon">
<status endtime="20170208 13:49:06.020" starttime="20170208 13:49:06.004" status="PASS"></status>
</kw>
<kw library="SwingLibrary" name="Label Text Should Be">
<doc>Checks the equality of given text and the text displayed on a label.</doc>
<arguments>
<arg>label</arg>
<arg>Octagon</arg>
</arguments>
<status endtime="20170208 13:49:06.036" starttime="20170208 13:49:06.036" status="PASS"></status>
</kw>
<kw library="keywords.CustomWidgetKeywords" name="Click Hexagon">
<status endtime="20170208 13:49:06.051" starttime="20170208 13:49:06.036" status="PASS"></status>
</kw>
<kw library="SwingLibrary" name="Label Text Should Be">
<doc>Checks the equality of given text and the text displayed on a label.</doc>
<arguments>
<arg>label</arg>
<arg>Hexagon</arg>
</arguments>
<status endtime="20170208 13:49:06.067" starttime="20170208 13:49:06.051" status="PASS"></status>
</kw>
<kw library="SwingLibrary" name="Close Window">
<doc>Closes a window.</doc>
<arguments>
<arg>Main</arg>
</arguments>
<status endtime="20170208 13:49:06.239" starttime="20170208 13:49:06.067" status="PASS"></status>
</kw>
<status critical="yes" endtime="20170208 13:49:06.239" starttime="20170208 13:49:05.958" status="PASS"></status>
</test>
<status endtime="20170208 13:49:06.254" starttime="20170208 13:49:04.459" status="PASS"></status>
</suite>
<status endtime="20170208 13:49:06.270" starttime="20170208 13:49:04.209" status="PASS"></status>
</suite>
<statistics>
<total>
<stat pass="4" fail="0">Critical Tests</stat>
<stat pass="4" fail="0">All Tests</stat>
</total>
<tag>
</tag>
<suite>
<stat pass="4" fail="0" name="Acceptancetest" id="s1">Acceptancetest</stat>
<stat pass="4" fail="0" name="CustomWidgetTests" id="s1-s1">Acceptancetest.CustomWidgetTests</stat>
</suite>
</statistics>
<errors>
</errors>
</robot>
